2016-11-14/14:33:15 [INF] Framework Registered with Master %!(EXTRA *mesosproto.MasterInfo=&MasterInfo{Id:*06cf6340-3a46-4ec1-adab-de401a358a9c,Ip:*168513834,Port:*5050,Pid:*master@42.81.11.10:5050,Hostname:*42.81.11.10,Version:*1.0.1,Address:&Address{Hostname:*42.81.11.10,Ip:*42.81.11.10,Port:*5050,XXX_unrecognized:[],},XXX_unrecognized:[],})
2016-11-14/14:33:15 [INF] Received Offer <%!(EXTRA string=06cf6340-3a46-4ec1-adab-de401a358a9c-O16458, string=> with cpus=, float64=2, string= mem=, float64=29559)
2016-11-14/14:33:15 [INF] Received Offer <%!(EXTRA string=06cf6340-3a46-4ec1-adab-de401a358a9c-O16459, string=> with cpus=, float64=3.4, string= mem=, float64=29943)
2016-11-14/14:33:15 [INF] Received Offer <%!(EXTRA string=06cf6340-3a46-4ec1-adab-de401a358a9c-O16460, string=> with cpus=, float64=3.6, string= mem=, float64=30455)
2016-11-14/14:33:15 [INF] Received Offer <%!(EXTRA string=06cf6340-3a46-4ec1-adab-de401a358a9c-O16461, string=> with cpus=, float64=2.75, string= mem=, float64=29431)
2016-11-14/14:39:03 [INF] Received Offer <%!(EXTRA string=06cf6340-3a46-4ec1-adab-de401a358a9c-O16464, string=> with cpus=, float64=0.1, string= mem=, float64=128)
2016-11-14/14:46:16 [INF] Framework Registered with Master %!(EXTRA *mesosproto.MasterInfo=&MasterInfo{Id:*06cf6340-3a46-4ec1-adab-de401a358a9c,Ip:*168513834,Port:*5050,Pid:*master@42.81.11.10:5050,Hostname:*42.81.11.10,Version:*1.0.1,Address:&Address{Hostname:*42.81.11.10,Ip:*42.81.11.10,Port:*5050,XXX_unrecognized:[],},XXX_unrecognized:[],})
2016-11-14/14:46:16 [INF] Received Offer <%!(EXTRA string=06cf6340-3a46-4ec1-adab-de401a358a9c-O16765, string=> with cpus=, float64=3.6, string= mem=, float64=30455)
2016-11-14/14:46:16 [INF] Received Offer <%!(EXTRA string=06cf6340-3a46-4ec1-adab-de401a358a9c-O16766, string=> with cpus=, float64=2.85, string= mem=, float64=29559)
2016-11-14/14:46:16 [INF] Received Offer <%!(EXTRA string=06cf6340-3a46-4ec1-adab-de401a358a9c-O16767, string=> with cpus=, float64=3.4, string= mem=, float64=29943)
2016-11-14/14:46:16 [INF] Received Offer <%!(EXTRA string=06cf6340-3a46-4ec1-adab-de401a358a9c-O16768, string=> with cpus=, float64=2, string= mem=, float64=29559)
2016-11-14/14:46:21 [INF] Received Offer <%!(EXTRA string=06cf6340-3a46-4ec1-adab-de401a358a9c-O16777, string=> with cpus=, float64=3.6, string= mem=, float64=30455)
2016-11-14/14:46:21 [INF] Received Offer <%!(EXTRA string=06cf6340-3a46-4ec1-adab-de401a358a9c-O16778, string=> with cpus=, float64=2.85, string= mem=, float64=29559)
2016-11-14/14:46:21 [INF] Received Offer <%!(EXTRA string=06cf6340-3a46-4ec1-adab-de401a358a9c-O16779, string=> with cpus=, float64=3.4, string= mem=, float64=29943)
2016-11-14/14:46:21 [INF] Received Offer <%!(EXTRA string=06cf6340-3a46-4ec1-adab-de401a358a9c-O16780, string=> with cpus=, float64=2, string= mem=, float64=29559)
2016-11-14/14:46:26 [INF] Received Offer <%!(EXTRA string=06cf6340-3a46-4ec1-adab-de401a358a9c-O16785, string=> with cpus=, float64=2.85, string= mem=, float64=29559)
2016-11-14/14:46:26 [INF] Received Offer <%!(EXTRA string=06cf6340-3a46-4ec1-adab-de401a358a9c-O16786, string=> with cpus=, float64=3.6, string= mem=, float64=30455)
2016-11-14/14:46:26 [INF] Received Offer <%!(EXTRA string=06cf6340-3a46-4ec1-adab-de401a358a9c-O16787, string=> with cpus=, float64=2, string= mem=, float64=29559)
2016-11-14/14:46:26 [INF] Received Offer <%!(EXTRA string=06cf6340-3a46-4ec1-adab-de401a358a9c-O16788, string=> with cpus=, float64=3.4, string= mem=, float64=29943)
2016-11-14/14:46:31 [INF] Received Offer <%!(EXTRA string=06cf6340-3a46-4ec1-adab-de401a358a9c-O16793, string=> with cpus=, float64=2.85, string= mem=, float64=29559)
2016-11-14/14:46:31 [INF] Received Offer <%!(EXTRA string=06cf6340-3a46-4ec1-adab-de401a358a9c-O16794, string=> with cpus=, float64=3.6, string= mem=, float64=30455)
2016-11-14/14:46:31 [INF] Received Offer <%!(EXTRA string=06cf6340-3a46-4ec1-adab-de401a358a9c-O16795, string=> with cpus=, float64=2, string= mem=, float64=29559)
2016-11-14/14:46:31 [INF] Received Offer <%!(EXTRA string=06cf6340-3a46-4ec1-adab-de401a358a9c-O16796, string=> with cpus=, float64=3.4, string= mem=, float64=29943)
2016-11-14/14:46:36 [INF] Received Offer <%!(EXTRA string=06cf6340-3a46-4ec1-adab-de401a358a9c-O16801, string=> with cpus=, float64=3.6, string= mem=, float64=30455)
2016-11-14/14:46:36 [INF] Received Offer <%!(EXTRA string=06cf6340-3a46-4ec1-adab-de401a358a9c-O16802, string=> with cpus=, float64=2.85, string= mem=, float64=29559)
2016-11-14/14:46:36 [INF] Received Offer <%!(EXTRA string=06cf6340-3a46-4ec1-adab-de401a358a9c-O16803, string=> with cpus=, float64=3.4, string= mem=, float64=29943)
2016-11-14/14:46:36 [INF] Received Offer <%!(EXTRA string=06cf6340-3a46-4ec1-adab-de401a358a9c-O16804, string=> with cpus=, float64=2, string= mem=, float64=29559)
2016-11-14/14:46:41 [INF] Received Offer <%!(EXTRA string=06cf6340-3a46-4ec1-adab-de401a358a9c-O16809, string=> with cpus=, float64=2.85, string= mem=, float64=29559)
2016-11-14/14:46:41 [INF] Received Offer <%!(EXTRA string=06cf6340-3a46-4ec1-adab-de401a358a9c-O16810, string=> with cpus=, float64=3.6, string= mem=, float64=30455)
2016-11-14/14:46:41 [INF] Received Offer <%!(EXTRA string=06cf6340-3a46-4ec1-adab-de401a358a9c-O16811, string=> with cpus=, float64=2, string= mem=, float64=29559)
2016-11-14/14:46:41 [INF] Received Offer <%!(EXTRA string=06cf6340-3a46-4ec1-adab-de401a358a9c-O16812, string=> with cpus=, float64=3.4, string= mem=, float64=29943)
2016-11-14/14:46:46 [INF] Received Offer <%!(EXTRA string=06cf6340-3a46-4ec1-adab-de401a358a9c-O16817, string=> with cpus=, float64=2.85, string= mem=, float64=29559)
2016-11-14/14:46:46 [INF] Received Offer <%!(EXTRA string=06cf6340-3a46-4ec1-adab-de401a358a9c-O16818, string=> with cpus=, float64=3.6, string= mem=, float64=30455)
2016-11-14/14:46:46 [INF] Received Offer <%!(EXTRA string=06cf6340-3a46-4ec1-adab-de401a358a9c-O16819, string=> with cpus=, float64=2, string= mem=, float64=29559)
2016-11-14/14:46:46 [INF] Received Offer <%!(EXTRA string=06cf6340-3a46-4ec1-adab-de401a358a9c-O16820, string=> with cpus=, float64=3.4, string= mem=, float64=29943)
2016-11-14/14:46:51 [INF] Received Offer <%!(EXTRA string=06cf6340-3a46-4ec1-adab-de401a358a9c-O16825, string=> with cpus=, float64=3.6, string= mem=, float64=30455)
2016-11-14/14:46:51 [INF] Received Offer <%!(EXTRA string=06cf6340-3a46-4ec1-adab-de401a358a9c-O16826, string=> with cpus=, float64=2.85, string= mem=, float64=29559)
2016-11-14/14:46:51 [INF] Received Offer <%!(EXTRA string=06cf6340-3a46-4ec1-adab-de401a358a9c-O16827, string=> with cpus=, float64=2, string= mem=, float64=29559)
2016-11-14/14:46:51 [INF] Received Offer <%!(EXTRA string=06cf6340-3a46-4ec1-adab-de401a358a9c-O16828, string=> with cpus=, float64=3.4, string= mem=, float64=29943)
2016-11-14/14:46:56 [INF] Received Offer <%!(EXTRA string=06cf6340-3a46-4ec1-adab-de401a358a9c-O16833, string=> with cpus=, float64=2.85, string= mem=, float64=29559)
2016-11-14/14:46:56 [INF] Received Offer <%!(EXTRA string=06cf6340-3a46-4ec1-adab-de401a358a9c-O16834, string=> with cpus=, float64=3.6, string= mem=, float64=30455)
2016-11-14/14:46:56 [INF] Received Offer <%!(EXTRA string=06cf6340-3a46-4ec1-adab-de401a358a9c-O16835, string=> with cpus=, float64=2, string= mem=, float64=29559)
2016-11-14/14:46:56 [INF] Received Offer <%!(EXTRA string=06cf6340-3a46-4ec1-adab-de401a358a9c-O16836, string=> with cpus=, float64=3.4, string= mem=, float64=29943)
2016-11-14/14:47:01 [INF] Received Offer <%!(EXTRA string=06cf6340-3a46-4ec1-adab-de401a358a9c-O16841, string=> with cpus=, float64=3.6, string= mem=, float64=30455)
2016-11-14/14:47:01 [INF] Received Offer <%!(EXTRA string=06cf6340-3a46-4ec1-adab-de401a358a9c-O16842, string=> with cpus=, float64=2.85, string= mem=, float64=29559)
2016-11-14/14:47:01 [INF] Received Offer <%!(EXTRA string=06cf6340-3a46-4ec1-adab-de401a358a9c-O16843, string=> with cpus=, float64=3.4, string= mem=, float64=29943)
2016-11-14/14:47:01 [INF] Received Offer <%!(EXTRA string=06cf6340-3a46-4ec1-adab-de401a358a9c-O16844, string=> with cpus=, float64=2, string= mem=, float64=29559)
2016-11-14/14:47:06 [INF] Received Offer <%!(EXTRA string=06cf6340-3a46-4ec1-adab-de401a358a9c-O16849, string=> with cpus=, float64=3.6, string= mem=, float64=30455)
2016-11-14/14:47:06 [INF] Received Offer <%!(EXTRA string=06cf6340-3a46-4ec1-adab-de401a358a9c-O16850, string=> with cpus=, float64=2.85, string= mem=, float64=29559)
2016-11-14/14:47:06 [INF] Received Offer <%!(EXTRA string=06cf6340-3a46-4ec1-adab-de401a358a9c-O16851, string=> with cpus=, float64=2, string= mem=, float64=29559)
2016-11-14/14:47:06 [INF] Received Offer <%!(EXTRA string=06cf6340-3a46-4ec1-adab-de401a358a9c-O16852, string=> with cpus=, float64=3.4, string= mem=, float64=29943)
2016-11-14/14:47:11 [INF] Received Offer <%!(EXTRA string=06cf6340-3a46-4ec1-adab-de401a358a9c-O16857, string=> with cpus=, float64=3.6, string= mem=, float64=30455)
2016-11-14/14:47:11 [INF] Received Offer <%!(EXTRA string=06cf6340-3a46-4ec1-adab-de401a358a9c-O16858, string=> with cpus=, float64=2.85, string= mem=, float64=29559)
2016-11-14/14:47:11 [INF] Received Offer <%!(EXTRA string=06cf6340-3a46-4ec1-adab-de401a358a9c-O16859, string=> with cpus=, float64=2, string= mem=, float64=29559)
2016-11-14/14:47:11 [INF] Received Offer <%!(EXTRA string=06cf6340-3a46-4ec1-adab-de401a358a9c-O16860, string=> with cpus=, float64=3.4, string= mem=, float64=29943)
2016-11-14/14:47:16 [INF] Received Offer <%!(EXTRA string=06cf6340-3a46-4ec1-adab-de401a358a9c-O16865, string=> with cpus=, float64=3.4, string= mem=, float64=29943)
2016-11-14/14:47:16 [INF] Received Offer <%!(EXTRA string=06cf6340-3a46-4ec1-adab-de401a358a9c-O16866, string=> with cpus=, float64=2, string= mem=, float64=29559)
2016-11-14/14:47:16 [INF] Received Offer <%!(EXTRA string=06cf6340-3a46-4ec1-adab-de401a358a9c-O16867, string=> with cpus=, float64=2.85, string= mem=, float64=29559)
2016-11-14/14:47:16 [INF] Received Offer <%!(EXTRA string=06cf6340-3a46-4ec1-adab-de401a358a9c-O16868, string=> with cpus=, float64=3.6, string= mem=, float64=30455)
2016-11-14/14:47:21 [INF] Received Offer <%!(EXTRA string=06cf6340-3a46-4ec1-adab-de401a358a9c-O16873, string=> with cpus=, float64=3.6, string= mem=, float64=30455)
2016-11-14/14:47:21 [INF] Received Offer <%!(EXTRA string=06cf6340-3a46-4ec1-adab-de401a358a9c-O16874, string=> with cpus=, float64=2.85, string= mem=, float64=29559)
2016-11-14/14:47:21 [INF] Received Offer <%!(EXTRA string=06cf6340-3a46-4ec1-adab-de401a358a9c-O16875, string=> with cpus=, float64=2, string= mem=, float64=29559)
2016-11-14/14:47:21 [INF] Received Offer <%!(EXTRA string=06cf6340-3a46-4ec1-adab-de401a358a9c-O16876, string=> with cpus=, float64=3.4, string= mem=, float64=29943)
2016-11-14/14:47:26 [INF] Received Offer <%!(EXTRA string=06cf6340-3a46-4ec1-adab-de401a358a9c-O16881, string=> with cpus=, float64=2.85, string= mem=, float64=29559)
2016-11-14/14:47:26 [INF] Received Offer <%!(EXTRA string=06cf6340-3a46-4ec1-adab-de401a358a9c-O16882, string=> with cpus=, float64=3.4, string= mem=, float64=29943)
2016-11-14/14:47:26 [INF] Received Offer <%!(EXTRA string=06cf6340-3a46-4ec1-adab-de401a358a9c-O16883, string=> with cpus=, float64=2, string= mem=, float64=29559)
2016-11-14/14:47:26 [INF] Received Offer <%!(EXTRA string=06cf6340-3a46-4ec1-adab-de401a358a9c-O16884, string=> with cpus=, float64=3.6, string= mem=, float64=30455)
2016-11-14/14:47:31 [INF] Received Offer <%!(EXTRA string=06cf6340-3a46-4ec1-adab-de401a358a9c-O16889, string=> with cpus=, float64=3.6, string= mem=, float64=30455)
2016-11-14/14:47:31 [INF] Received Offer <%!(EXTRA string=06cf6340-3a46-4ec1-adab-de401a358a9c-O16890, string=> with cpus=, float64=3.4, string= mem=, float64=29943)
2016-11-14/14:47:31 [INF] Received Offer <%!(EXTRA string=06cf6340-3a46-4ec1-adab-de401a358a9c-O16891, string=> with cpus=, float64=2, string= mem=, float64=29559)
2016-11-14/14:47:31 [INF] Received Offer <%!(EXTRA string=06cf6340-3a46-4ec1-adab-de401a358a9c-O16892, string=> with cpus=, float64=2.85, string= mem=, float64=29559)
2016-11-14/14:47:36 [INF] Received Offer <%!(EXTRA string=06cf6340-3a46-4ec1-adab-de401a358a9c-O16897, string=> with cpus=, float64=2, string= mem=, float64=29559)
2016-11-14/14:47:36 [INF] Received Offer <%!(EXTRA string=06cf6340-3a46-4ec1-adab-de401a358a9c-O16898, string=> with cpus=, float64=3.4, string= mem=, float64=29943)
2016-11-14/14:47:36 [INF] Received Offer <%!(EXTRA string=06cf6340-3a46-4ec1-adab-de401a358a9c-O16899, string=> with cpus=, float64=3.6, string= mem=, float64=30455)
2016-11-14/14:47:36 [INF] Received Offer <%!(EXTRA string=06cf6340-3a46-4ec1-adab-de401a358a9c-O16900, string=> with cpus=, float64=2.85, string= mem=, float64=29559)
2016-11-14/14:47:41 [INF] Received Offer <%!(EXTRA string=06cf6340-3a46-4ec1-adab-de401a358a9c-O16905, string=> with cpus=, float64=2, string= mem=, float64=29559)
2016-11-14/14:47:41 [INF] Received Offer <%!(EXTRA string=06cf6340-3a46-4ec1-adab-de401a358a9c-O16906, string=> with cpus=, float64=3.4, string= mem=, float64=29943)
2016-11-14/14:47:41 [INF] Received Offer <%!(EXTRA string=06cf6340-3a46-4ec1-adab-de401a358a9c-O16907, string=> with cpus=, float64=3.6, string= mem=, float64=30455)
2016-11-14/14:47:41 [INF] Received Offer <%!(EXTRA string=06cf6340-3a46-4ec1-adab-de401a358a9c-O16908, string=> with cpus=, float64=2.85, string= mem=, float64=29559)
2016-11-14/14:47:46 [INF] Received Offer <%!(EXTRA string=06cf6340-3a46-4ec1-adab-de401a358a9c-O16913, string=> with cpus=, float64=3.6, string= mem=, float64=30455)
2016-11-14/14:47:46 [INF] Received Offer <%!(EXTRA string=06cf6340-3a46-4ec1-adab-de401a358a9c-O16914, string=> with cpus=, float64=2, string= mem=, float64=29559)
2016-11-14/14:47:46 [INF] Received Offer <%!(EXTRA string=06cf6340-3a46-4ec1-adab-de401a358a9c-O16915, string=> with cpus=, float64=3.4, string= mem=, float64=29943)
2016-11-14/14:47:46 [INF] Received Offer <%!(EXTRA string=06cf6340-3a46-4ec1-adab-de401a358a9c-O16916, string=> with cpus=, float64=2.85, string= mem=, float64=29559)
2016-11-14/14:47:51 [INF] Received Offer <%!(EXTRA string=06cf6340-3a46-4ec1-adab-de401a358a9c-O16921, string=> with cpus=, float64=2.85, string= mem=, float64=29559)
2016-11-14/14:47:51 [INF] Received Offer <%!(EXTRA string=06cf6340-3a46-4ec1-adab-de401a358a9c-O16922, string=> with cpus=, float64=3.4, string= mem=, float64=29943)
2016-11-14/14:47:51 [INF] Received Offer <%!(EXTRA string=06cf6340-3a46-4ec1-adab-de401a358a9c-O16923, string=> with cpus=, float64=2, string= mem=, float64=29559)
2016-11-14/14:47:51 [INF] Received Offer <%!(EXTRA string=06cf6340-3a46-4ec1-adab-de401a358a9c-O16924, string=> with cpus=, float64=3.6, string= mem=, float64=30455)
2016-11-14/14:47:56 [INF] Received Offer <%!(EXTRA string=06cf6340-3a46-4ec1-adab-de401a358a9c-O16929, string=> with cpus=, float64=2, string= mem=, float64=29559)
2016-11-14/14:47:56 [INF] Received Offer <%!(EXTRA string=06cf6340-3a46-4ec1-adab-de401a358a9c-O16930, string=> with cpus=, float64=3.4, string= mem=, float64=29943)
2016-11-14/14:47:56 [INF] Received Offer <%!(EXTRA string=06cf6340-3a46-4ec1-adab-de401a358a9c-O16931, string=> with cpus=, float64=2.85, string= mem=, float64=29559)
2016-11-14/14:47:56 [INF] Received Offer <%!(EXTRA string=06cf6340-3a46-4ec1-adab-de401a358a9c-O16932, string=> with cpus=, float64=3.6, string= mem=, float64=30455)
2016-11-14/14:48:01 [INF] Received Offer <%!(EXTRA string=06cf6340-3a46-4ec1-adab-de401a358a9c-O16937, string=> with cpus=, float64=3.6, string= mem=, float64=30455)
2016-11-14/14:48:01 [INF] Received Offer <%!(EXTRA string=06cf6340-3a46-4ec1-adab-de401a358a9c-O16938, string=> with cpus=, float64=2.85, string= mem=, float64=29559)
2016-11-14/14:48:01 [INF] Received Offer <%!(EXTRA string=06cf6340-3a46-4ec1-adab-de401a358a9c-O16939, string=> with cpus=, float64=2, string= mem=, float64=29559)
2016-11-14/14:48:01 [INF] Received Offer <%!(EXTRA string=06cf6340-3a46-4ec1-adab-de401a358a9c-O16940, string=> with cpus=, float64=3.4, string= mem=, float64=29943)
2016-11-14/14:48:06 [INF] Received Offer <%!(EXTRA string=06cf6340-3a46-4ec1-adab-de401a358a9c-O16945, string=> with cpus=, float64=3.6, string= mem=, float64=30455)
2016-11-14/14:48:06 [INF] Received Offer <%!(EXTRA string=06cf6340-3a46-4ec1-adab-de401a358a9c-O16946, string=> with cpus=, float64=2.85, string= mem=, float64=29559)
2016-11-14/14:48:06 [INF] Received Offer <%!(EXTRA string=06cf6340-3a46-4ec1-adab-de401a358a9c-O16947, string=> with cpus=, float64=2, string= mem=, float64=29559)
2016-11-14/14:48:06 [INF] Received Offer <%!(EXTRA string=06cf6340-3a46-4ec1-adab-de401a358a9c-O16948, string=> with cpus=, float64=3.4, string= mem=, float64=29943)
2016-11-14/14:48:11 [INF] Received Offer <%!(EXTRA string=06cf6340-3a46-4ec1-adab-de401a358a9c-O16953, string=> with cpus=, float64=2.85, string= mem=, float64=29559)
2016-11-14/14:48:11 [INF] Received Offer <%!(EXTRA string=06cf6340-3a46-4ec1-adab-de401a358a9c-O16954, string=> with cpus=, float64=3.6, string= mem=, float64=30455)
2016-11-14/14:48:11 [INF] Received Offer <%!(EXTRA string=06cf6340-3a46-4ec1-adab-de401a358a9c-O16955, string=> with cpus=, float64=3.4, string= mem=, float64=29943)
2016-11-14/14:48:11 [INF] Received Offer <%!(EXTRA string=06cf6340-3a46-4ec1-adab-de401a358a9c-O16956, string=> with cpus=, float64=2, string= mem=, float64=29559)
2016-11-14/14:48:16 [INF] Received Offer <%!(EXTRA string=06cf6340-3a46-4ec1-adab-de401a358a9c-O16961, string=> with cpus=, float64=2.85, string= mem=, float64=29559)
2016-11-14/14:48:16 [INF] Received Offer <%!(EXTRA string=06cf6340-3a46-4ec1-adab-de401a358a9c-O16962, string=> with cpus=, float64=2, string= mem=, float64=29559)
2016-11-14/14:48:16 [INF] Received Offer <%!(EXTRA string=06cf6340-3a46-4ec1-adab-de401a358a9c-O16963, string=> with cpus=, float64=3.4, string= mem=, float64=29943)
2016-11-14/14:48:16 [INF] Received Offer <%!(EXTRA string=06cf6340-3a46-4ec1-adab-de401a358a9c-O16964, string=> with cpus=, float64=3.6, string= mem=, float64=30455)
2016-11-14/14:48:21 [INF] Received Offer <%!(EXTRA string=06cf6340-3a46-4ec1-adab-de401a358a9c-O16973, string=> with cpus=, float64=3.6, string= mem=, float64=30455)
2016-11-14/14:48:21 [INF] Received Offer <%!(EXTRA string=06cf6340-3a46-4ec1-adab-de401a358a9c-O16974, string=> with cpus=, float64=2.85, string= mem=, float64=29559)
2016-11-14/14:48:21 [INF] Received Offer <%!(EXTRA string=06cf6340-3a46-4ec1-adab-de401a358a9c-O16975, string=> with cpus=, float64=3.4, string= mem=, float64=29943)
2016-11-14/14:48:21 [INF] Received Offer <%!(EXTRA string=06cf6340-3a46-4ec1-adab-de401a358a9c-O16976, string=> with cpus=, float64=2, string= mem=, float64=29559)
2016-11-14/14:48:26 [INF] Received Offer <%!(EXTRA string=06cf6340-3a46-4ec1-adab-de401a358a9c-O16981, string=> with cpus=, float64=2, string= mem=, float64=29559)
2016-11-14/14:48:26 [INF] Received Offer <%!(EXTRA string=06cf6340-3a46-4ec1-adab-de401a358a9c-O16982, string=> with cpus=, float64=3.4, string= mem=, float64=29943)
2016-11-14/14:48:26 [INF] Received Offer <%!(EXTRA string=06cf6340-3a46-4ec1-adab-de401a358a9c-O16983, string=> with cpus=, float64=3.6, string= mem=, float64=30455)
2016-11-14/14:48:26 [INF] Received Offer <%!(EXTRA string=06cf6340-3a46-4ec1-adab-de401a358a9c-O16984, string=> with cpus=, float64=2.85, string= mem=, float64=29559)
2016-11-14/14:49:23 [INF] Framework Registered with Master %!(EXTRA *mesosproto.MasterInfo=&MasterInfo{Id:*06cf6340-3a46-4ec1-adab-de401a358a9c,Ip:*168513834,Port:*5050,Pid:*master@42.81.11.10:5050,Hostname:*42.81.11.10,Version:*1.0.1,Address:&Address{Hostname:*42.81.11.10,Ip:*42.81.11.10,Port:*5050,XXX_unrecognized:[],},XXX_unrecognized:[],})
2016-11-14/14:49:23 [INF] Received Offer <%!(EXTRA string=06cf6340-3a46-4ec1-adab-de401a358a9c-O17031, string=> with cpus=, float64=2.85, string= mem=, float64=29559)
2016-11-14/14:49:23 [INF] Prepared task: go-task-1 with offer 06cf6340-3a46-4ec1-adab-de401a358a9c-O17031 for launch

2016-11-14/14:49:23 [INF] Launching %!(EXTRA int=1, string=tasks for offer, string=06cf6340-3a46-4ec1-adab-de401a358a9c-O17031)
2016-11-14/14:49:23 [INF] Received Offer <%!(EXTRA string=06cf6340-3a46-4ec1-adab-de401a358a9c-O17032, string=> with cpus=, float64=3.6, string= mem=, float64=30455)
2016-11-14/14:49:23 [INF] Prepared task: go-task-2 with offer 06cf6340-3a46-4ec1-adab-de401a358a9c-O17032 for launch

2016-11-14/14:49:23 [INF] Prepared task: go-task-3 with offer 06cf6340-3a46-4ec1-adab-de401a358a9c-O17032 for launch

2016-11-14/14:49:23 [INF] Launching %!(EXTRA int=2, string=tasks for offer, string=06cf6340-3a46-4ec1-adab-de401a358a9c-O17032)
2016-11-14/14:49:23 [INF] Received Offer <%!(EXTRA string=06cf6340-3a46-4ec1-adab-de401a358a9c-O17033, string=> with cpus=, float64=2, string= mem=, float64=29559)
2016-11-14/14:49:23 [INF] Prepared task: go-task-4 with offer 06cf6340-3a46-4ec1-adab-de401a358a9c-O17033 for launch

2016-11-14/14:49:23 [INF] Launching %!(EXTRA int=1, string=tasks for offer, string=06cf6340-3a46-4ec1-adab-de401a358a9c-O17033)
2016-11-14/14:49:23 [INF] Received Offer <%!(EXTRA string=06cf6340-3a46-4ec1-adab-de401a358a9c-O17034, string=> with cpus=, float64=3.4, string= mem=, float64=29943)
2016-11-14/14:49:23 [INF] Prepared task: go-task-5 with offer 06cf6340-3a46-4ec1-adab-de401a358a9c-O17034 for launch

2016-11-14/14:49:23 [INF] Launching %!(EXTRA int=1, string=tasks for offer, string=06cf6340-3a46-4ec1-adab-de401a358a9c-O17034)
2016-11-14/14:49:25 [INF] Status update: task%!(EXTRA string=1, string= is in state , string=TASK_RUNNING)
2016-11-14/14:49:26 [INF] Status update: task%!(EXTRA string=5, string= is in state , string=TASK_RUNNING)
2016-11-14/14:49:26 [INF] Status update: task%!(EXTRA string=2, string= is in state , string=TASK_RUNNING)
2016-11-14/14:49:26 [INF] Status update: task%!(EXTRA string=3, string= is in state , string=TASK_RUNNING)
2016-11-14/14:49:29 [INF] [decline all of the offers since all of our tasks are already launched]
2016-11-14/14:49:29 [INF] Status update: task%!(EXTRA string=1, string= is in state , string=TASK_FAILED)
2016-11-14/14:49:30 [INF] Status update: task%!(EXTRA string=3, string= is in state , string=TASK_FAILED)
2016-11-14/14:49:30 [INF] Received Offer <%!(EXTRA string=06cf6340-3a46-4ec1-adab-de401a358a9c-O17045, string=> with cpus=, float64=2.6, string= mem=, float64=30327)
2016-11-14/14:49:30 [INF] Prepared task: go-task-6 with offer 06cf6340-3a46-4ec1-adab-de401a358a9c-O17045 for launch

2016-11-14/14:49:30 [INF] Launching %!(EXTRA int=1, string=tasks for offer, string=06cf6340-3a46-4ec1-adab-de401a358a9c-O17045)
2016-11-14/14:49:31 [INF] Received Offer <%!(EXTRA string=06cf6340-3a46-4ec1-adab-de401a358a9c-O17046, string=> with cpus=, float64=2.85, string= mem=, float64=29559)
2016-11-14/14:49:31 [INF] Prepared task: go-task-7 with offer 06cf6340-3a46-4ec1-adab-de401a358a9c-O17046 for launch

2016-11-14/14:49:31 [INF] Launching %!(EXTRA int=1, string=tasks for offer, string=06cf6340-3a46-4ec1-adab-de401a358a9c-O17046)
2016-11-14/14:49:32 [INF] Status update: task%!(EXTRA string=6, string= is in state , string=TASK_RUNNING)
2016-11-14/14:49:33 [INF] Status update: task%!(EXTRA string=7, string= is in state , string=TASK_RUNNING)
2016-11-14/14:49:34 [INF] Status update: task%!(EXTRA string=4, string= is in state , string=TASK_RUNNING)
2016-11-14/14:49:36 [INF] Status update: task%!(EXTRA string=6, string= is in state , string=TASK_FAILED)
2016-11-14/14:49:37 [INF] Status update: task%!(EXTRA string=7, string= is in state , string=TASK_FAILED)
2016-11-14/14:49:37 [INF] Received Offer <%!(EXTRA string=06cf6340-3a46-4ec1-adab-de401a358a9c-O17053, string=> with cpus=, float64=2.6, string= mem=, float64=30327)
2016-11-14/14:49:37 [INF] Prepared task: go-task-8 with offer 06cf6340-3a46-4ec1-adab-de401a358a9c-O17053 for launch

2016-11-14/14:49:37 [INF] Launching %!(EXTRA int=1, string=tasks for offer, string=06cf6340-3a46-4ec1-adab-de401a358a9c-O17053)
2016-11-14/14:49:38 [INF] Received Offer <%!(EXTRA string=06cf6340-3a46-4ec1-adab-de401a358a9c-O17055, string=> with cpus=, float64=2.85, string= mem=, float64=29559)
2016-11-14/14:49:38 [INF] Prepared task: go-task-9 with offer 06cf6340-3a46-4ec1-adab-de401a358a9c-O17055 for launch

2016-11-14/14:49:38 [INF] Launching %!(EXTRA int=1, string=tasks for offer, string=06cf6340-3a46-4ec1-adab-de401a358a9c-O17055)
2016-11-14/14:49:39 [INF] Status update: task%!(EXTRA string=8, string= is in state , string=TASK_RUNNING)
2016-11-14/14:49:41 [INF] Status update: task%!(EXTRA string=9, string= is in state , string=TASK_RUNNING)
2016-11-14/14:49:43 [INF] Status update: task%!(EXTRA string=8, string= is in state , string=TASK_FAILED)
2016-11-14/14:49:43 [INF] Received Offer <%!(EXTRA string=06cf6340-3a46-4ec1-adab-de401a358a9c-O17059, string=> with cpus=, float64=2.6, string= mem=, float64=30327)
2016-11-14/14:49:43 [INF] Prepared task: go-task-10 with offer 06cf6340-3a46-4ec1-adab-de401a358a9c-O17059 for launch

2016-11-14/14:49:43 [INF] Launching %!(EXTRA int=1, string=tasks for offer, string=06cf6340-3a46-4ec1-adab-de401a358a9c-O17059)
2016-11-14/14:49:45 [INF] Status update: task%!(EXTRA string=9, string= is in state , string=TASK_FAILED)
2016-11-14/14:49:45 [INF] Status update: task%!(EXTRA string=10, string= is in state , string=TASK_RUNNING)
2016-11-14/14:49:46 [INF] Received Offer <%!(EXTRA string=06cf6340-3a46-4ec1-adab-de401a358a9c-O17062, string=> with cpus=, float64=2.85, string= mem=, float64=29559)
2016-11-14/14:49:46 [INF] Prepared task: go-task-11 with offer 06cf6340-3a46-4ec1-adab-de401a358a9c-O17062 for launch

2016-11-14/14:49:46 [INF] Launching %!(EXTRA int=1, string=tasks for offer, string=06cf6340-3a46-4ec1-adab-de401a358a9c-O17062)
2016-11-14/14:49:48 [INF] Status update: task%!(EXTRA string=10, string= is in state , string=TASK_FAILED)
2016-11-14/14:49:49 [INF] Status update: task%!(EXTRA string=11, string= is in state , string=TASK_RUNNING)
2016-11-14/14:49:50 [INF] Received Offer <%!(EXTRA string=06cf6340-3a46-4ec1-adab-de401a358a9c-O17068, string=> with cpus=, float64=2.6, string= mem=, float64=30327)
2016-11-14/14:49:50 [INF] Prepared task: go-task-12 with offer 06cf6340-3a46-4ec1-adab-de401a358a9c-O17068 for launch

2016-11-14/14:49:50 [INF] Launching %!(EXTRA int=1, string=tasks for offer, string=06cf6340-3a46-4ec1-adab-de401a358a9c-O17068)
2016-11-14/14:49:52 [INF] Status update: task%!(EXTRA string=12, string= is in state , string=TASK_RUNNING)
2016-11-14/14:49:53 [INF] Status update: task%!(EXTRA string=11, string= is in state , string=TASK_FAILED)
2016-11-14/14:49:54 [INF] Received Offer <%!(EXTRA string=06cf6340-3a46-4ec1-adab-de401a358a9c-O17073, string=> with cpus=, float64=2.85, string= mem=, float64=29559)
2016-11-14/14:49:54 [INF] Prepared task: go-task-13 with offer 06cf6340-3a46-4ec1-adab-de401a358a9c-O17073 for launch

2016-11-14/14:49:54 [INF] Launching %!(EXTRA int=1, string=tasks for offer, string=06cf6340-3a46-4ec1-adab-de401a358a9c-O17073)
2016-11-14/14:49:56 [INF] Status update: task%!(EXTRA string=12, string= is in state , string=TASK_FAILED)
2016-11-14/14:49:56 [INF] Status update: task%!(EXTRA string=13, string= is in state , string=TASK_RUNNING)
2016-11-14/14:49:57 [INF] Received Offer <%!(EXTRA string=06cf6340-3a46-4ec1-adab-de401a358a9c-O17076, string=> with cpus=, float64=2.6, string= mem=, float64=30327)
2016-11-14/14:49:57 [INF] Prepared task: go-task-14 with offer 06cf6340-3a46-4ec1-adab-de401a358a9c-O17076 for launch

2016-11-14/14:49:57 [INF] Launching %!(EXTRA int=1, string=tasks for offer, string=06cf6340-3a46-4ec1-adab-de401a358a9c-O17076)
2016-11-14/14:49:59 [INF] Status update: task%!(EXTRA string=14, string= is in state , string=TASK_RUNNING)
2016-11-14/14:50:00 [INF] Status update: task%!(EXTRA string=13, string= is in state , string=TASK_FAILED)
2016-11-14/14:50:00 [INF] Received Offer <%!(EXTRA string=06cf6340-3a46-4ec1-adab-de401a358a9c-O17079, string=> with cpus=, float64=2.85, string= mem=, float64=29559)
2016-11-14/14:50:00 [INF] Prepared task: go-task-15 with offer 06cf6340-3a46-4ec1-adab-de401a358a9c-O17079 for launch

2016-11-14/14:50:00 [INF] Launching %!(EXTRA int=1, string=tasks for offer, string=06cf6340-3a46-4ec1-adab-de401a358a9c-O17079)
2016-11-14/14:50:02 [INF] Status update: task%!(EXTRA string=15, string= is in state , string=TASK_RUNNING)
2016-11-14/14:50:02 [INF] Status update: task%!(EXTRA string=14, string= is in state , string=TASK_FAILED)
2016-11-14/14:50:03 [INF] Received Offer <%!(EXTRA string=06cf6340-3a46-4ec1-adab-de401a358a9c-O17082, string=> with cpus=, float64=2.6, string= mem=, float64=30327)
2016-11-14/14:50:03 [INF] Prepared task: go-task-16 with offer 06cf6340-3a46-4ec1-adab-de401a358a9c-O17082 for launch

2016-11-14/14:50:03 [INF] Launching %!(EXTRA int=1, string=tasks for offer, string=06cf6340-3a46-4ec1-adab-de401a358a9c-O17082)
2016-11-14/14:50:05 [INF] Status update: task%!(EXTRA string=16, string= is in state , string=TASK_RUNNING)
2016-11-14/14:50:06 [INF] Status update: task%!(EXTRA string=15, string= is in state , string=TASK_FAILED)
2016-11-14/14:50:06 [INF] Received Offer <%!(EXTRA string=06cf6340-3a46-4ec1-adab-de401a358a9c-O17086, string=> with cpus=, float64=2.85, string= mem=, float64=29559)
2016-11-14/14:50:06 [INF] Prepared task: go-task-17 with offer 06cf6340-3a46-4ec1-adab-de401a358a9c-O17086 for launch

2016-11-14/14:50:06 [INF] Launching %!(EXTRA int=1, string=tasks for offer, string=06cf6340-3a46-4ec1-adab-de401a358a9c-O17086)
2016-11-14/14:50:09 [INF] Status update: task%!(EXTRA string=16, string= is in state , string=TASK_FAILED)
2016-11-14/14:50:09 [INF] Status update: task%!(EXTRA string=17, string= is in state , string=TASK_RUNNING)
2016-11-14/14:50:10 [INF] Received Offer <%!(EXTRA string=06cf6340-3a46-4ec1-adab-de401a358a9c-O17092, string=> with cpus=, float64=2.6, string= mem=, float64=30327)
2016-11-14/14:50:10 [INF] Prepared task: go-task-18 with offer 06cf6340-3a46-4ec1-adab-de401a358a9c-O17092 for launch

2016-11-14/14:50:10 [INF] Launching %!(EXTRA int=1, string=tasks for offer, string=06cf6340-3a46-4ec1-adab-de401a358a9c-O17092)
2016-11-14/14:50:12 [INF] Status update: task%!(EXTRA string=18, string= is in state , string=TASK_RUNNING)
2016-11-14/14:50:13 [INF] Status update: task%!(EXTRA string=17, string= is in state , string=TASK_FAILED)
2016-11-14/14:50:13 [INF] Received Offer <%!(EXTRA string=06cf6340-3a46-4ec1-adab-de401a358a9c-O17093, string=> with cpus=, float64=2.85, string= mem=, float64=29559)
2016-11-14/14:50:13 [INF] Prepared task: go-task-19 with offer 06cf6340-3a46-4ec1-adab-de401a358a9c-O17093 for launch

2016-11-14/14:50:13 [INF] Launching %!(EXTRA int=1, string=tasks for offer, string=06cf6340-3a46-4ec1-adab-de401a358a9c-O17093)
2016-11-14/14:50:15 [INF] Status update: task%!(EXTRA string=19, string= is in state , string=TASK_RUNNING)
2016-11-14/14:50:16 [INF] Status update: task%!(EXTRA string=18, string= is in state , string=TASK_FAILED)
2016-11-14/14:50:17 [INF] Received Offer <%!(EXTRA string=06cf6340-3a46-4ec1-adab-de401a358a9c-O17099, string=> with cpus=, float64=2.6, string= mem=, float64=30327)
2016-11-14/14:50:17 [INF] Prepared task: go-task-20 with offer 06cf6340-3a46-4ec1-adab-de401a358a9c-O17099 for launch

2016-11-14/14:50:17 [INF] Launching %!(EXTRA int=1, string=tasks for offer, string=06cf6340-3a46-4ec1-adab-de401a358a9c-O17099)
2016-11-14/14:50:19 [INF] Status update: task%!(EXTRA string=19, string= is in state , string=TASK_FAILED)
2016-11-14/14:50:19 [INF] Status update: task%!(EXTRA string=20, string= is in state , string=TASK_RUNNING)
2016-11-14/14:50:20 [INF] Received Offer <%!(EXTRA string=06cf6340-3a46-4ec1-adab-de401a358a9c-O17105, string=> with cpus=, float64=2.85, string= mem=, float64=29559)
2016-11-14/14:50:20 [INF] Prepared task: go-task-21 with offer 06cf6340-3a46-4ec1-adab-de401a358a9c-O17105 for launch

2016-11-14/14:50:20 [INF] Launching %!(EXTRA int=1, string=tasks for offer, string=06cf6340-3a46-4ec1-adab-de401a358a9c-O17105)
2016-11-14/14:50:23 [INF] Status update: task%!(EXTRA string=20, string= is in state , string=TASK_FAILED)
2016-11-14/14:50:23 [INF] Received Offer <%!(EXTRA string=06cf6340-3a46-4ec1-adab-de401a358a9c-O17109, string=> with cpus=, float64=2.6, string= mem=, float64=30327)
2016-11-14/14:50:23 [INF] Prepared task: go-task-22 with offer 06cf6340-3a46-4ec1-adab-de401a358a9c-O17109 for launch

2016-11-14/14:50:23 [INF] Launching %!(EXTRA int=1, string=tasks for offer, string=06cf6340-3a46-4ec1-adab-de401a358a9c-O17109)
2016-11-14/14:50:23 [INF] Status update: task%!(EXTRA string=21, string= is in state , string=TASK_RUNNING)
2016-11-14/14:50:25 [INF] Status update: task%!(EXTRA string=22, string= is in state , string=TASK_RUNNING)
2016-11-14/14:50:27 [INF] Status update: task%!(EXTRA string=21, string= is in state , string=TASK_FAILED)
2016-11-14/14:50:28 [INF] Received Offer <%!(EXTRA string=06cf6340-3a46-4ec1-adab-de401a358a9c-O17115, string=> with cpus=, float64=2.85, string= mem=, float64=29559)
2016-11-14/14:50:28 [INF] Prepared task: go-task-23 with offer 06cf6340-3a46-4ec1-adab-de401a358a9c-O17115 for launch

2016-11-14/14:50:28 [INF] Launching %!(EXTRA int=1, string=tasks for offer, string=06cf6340-3a46-4ec1-adab-de401a358a9c-O17115)
2016-11-14/14:50:29 [INF] Status update: task%!(EXTRA string=22, string= is in state , string=TASK_FAILED)
2016-11-14/14:50:30 [INF] Received Offer <%!(EXTRA string=06cf6340-3a46-4ec1-adab-de401a358a9c-O17118, string=> with cpus=, float64=2.6, string= mem=, float64=30327)
2016-11-14/14:50:30 [INF] Prepared task: go-task-24 with offer 06cf6340-3a46-4ec1-adab-de401a358a9c-O17118 for launch

2016-11-14/14:50:30 [INF] Launching %!(EXTRA int=1, string=tasks for offer, string=06cf6340-3a46-4ec1-adab-de401a358a9c-O17118)
2016-11-14/14:50:30 [INF] Status update: task%!(EXTRA string=23, string= is in state , string=TASK_RUNNING)
2016-11-14/14:50:32 [INF] Status update: task%!(EXTRA string=24, string= is in state , string=TASK_RUNNING)
2016-11-14/14:50:34 [INF] Status update: task%!(EXTRA string=23, string= is in state , string=TASK_FAILED)
2016-11-14/14:50:34 [INF] Received Offer <%!(EXTRA string=06cf6340-3a46-4ec1-adab-de401a358a9c-O17122, string=> with cpus=, float64=2.85, string= mem=, float64=29559)
2016-11-14/14:50:34 [INF] Prepared task: go-task-25 with offer 06cf6340-3a46-4ec1-adab-de401a358a9c-O17122 for launch

2016-11-14/14:50:34 [INF] Launching %!(EXTRA int=1, string=tasks for offer, string=06cf6340-3a46-4ec1-adab-de401a358a9c-O17122)
2016-11-14/14:51:48 [INF] Framework Registered with Master %!(EXTRA *mesosproto.MasterInfo=&MasterInfo{Id:*06cf6340-3a46-4ec1-adab-de401a358a9c,Ip:*168513834,Port:*5050,Pid:*master@42.81.11.10:5050,Hostname:*42.81.11.10,Version:*1.0.1,Address:&Address{Hostname:*42.81.11.10,Ip:*42.81.11.10,Port:*5050,XXX_unrecognized:[],},XXX_unrecognized:[],})
2016-11-14/14:51:48 [INF] Received Offer <%!(EXTRA string=06cf6340-3a46-4ec1-adab-de401a358a9c-O17188, string=> with cpus=, float64=2.85, string= mem=, float64=29559)
2016-11-14/14:51:48 [INF] Prepared task: go-task-1 with offer 06cf6340-3a46-4ec1-adab-de401a358a9c-O17188 for launch

2016-11-14/14:51:48 [INF] Launching %!(EXTRA int=1, string=tasks for offer, string=06cf6340-3a46-4ec1-adab-de401a358a9c-O17188)
2016-11-14/14:51:48 [INF] Received Offer <%!(EXTRA string=06cf6340-3a46-4ec1-adab-de401a358a9c-O17189, string=> with cpus=, float64=2, string= mem=, float64=29559)
2016-11-14/14:51:48 [INF] Prepared task: go-task-2 with offer 06cf6340-3a46-4ec1-adab-de401a358a9c-O17189 for launch

2016-11-14/14:51:48 [INF] Launching %!(EXTRA int=1, string=tasks for offer, string=06cf6340-3a46-4ec1-adab-de401a358a9c-O17189)
2016-11-14/14:51:48 [INF] Received Offer <%!(EXTRA string=06cf6340-3a46-4ec1-adab-de401a358a9c-O17190, string=> with cpus=, float64=3.4, string= mem=, float64=29943)
2016-11-14/14:51:48 [INF] Prepared task: go-task-3 with offer 06cf6340-3a46-4ec1-adab-de401a358a9c-O17190 for launch

2016-11-14/14:51:48 [INF] Prepared task: go-task-4 with offer 06cf6340-3a46-4ec1-adab-de401a358a9c-O17190 for launch

2016-11-14/14:51:48 [INF] Launching %!(EXTRA int=2, string=tasks for offer, string=06cf6340-3a46-4ec1-adab-de401a358a9c-O17190)
2016-11-14/14:51:48 [INF] Received Offer <%!(EXTRA string=06cf6340-3a46-4ec1-adab-de401a358a9c-O17191, string=> with cpus=, float64=3.6, string= mem=, float64=30455)
2016-11-14/14:51:48 [INF] Prepared task: go-task-5 with offer 06cf6340-3a46-4ec1-adab-de401a358a9c-O17191 for launch

2016-11-14/14:51:48 [INF] Launching %!(EXTRA int=1, string=tasks for offer, string=06cf6340-3a46-4ec1-adab-de401a358a9c-O17191)
2016-11-14/14:51:50 [INF] Status update: task%!(EXTRA string=5, string= is in state , string=TASK_RUNNING)
2016-11-14/14:51:50 [INF] Status update: task%!(EXTRA string=3, string= is in state , string=TASK_RUNNING)
2016-11-14/14:51:51 [INF] Status update: task%!(EXTRA string=4, string= is in state , string=TASK_RUNNING)
2016-11-14/14:51:54 [INF] Framework Registered with Master %!(EXTRA *mesosproto.MasterInfo=&MasterInfo{Id:*06cf6340-3a46-4ec1-adab-de401a358a9c,Ip:*168513834,Port:*5050,Pid:*master@42.81.11.10:5050,Hostname:*42.81.11.10,Version:*1.0.1,Address:&Address{Hostname:*42.81.11.10,Ip:*42.81.11.10,Port:*5050,XXX_unrecognized:[],},XXX_unrecognized:[],})
2016-11-14/14:51:54 [INF] Received Offer <%!(EXTRA string=06cf6340-3a46-4ec1-adab-de401a358a9c-O17200, string=> with cpus=, float64=2, string= mem=, float64=29559)
2016-11-14/14:51:54 [INF] Prepared task: go-task-1 with offer 06cf6340-3a46-4ec1-adab-de401a358a9c-O17200 for launch

2016-11-14/14:51:54 [INF] Launching %!(EXTRA int=1, string=tasks for offer, string=06cf6340-3a46-4ec1-adab-de401a358a9c-O17200)
2016-11-14/14:51:54 [INF] Received Offer <%!(EXTRA string=06cf6340-3a46-4ec1-adab-de401a358a9c-O17201, string=> with cpus=, float64=3.4, string= mem=, float64=29943)
2016-11-14/14:51:54 [INF] Prepared task: go-task-2 with offer 06cf6340-3a46-4ec1-adab-de401a358a9c-O17201 for launch

2016-11-14/14:51:54 [INF] Prepared task: go-task-3 with offer 06cf6340-3a46-4ec1-adab-de401a358a9c-O17201 for launch

2016-11-14/14:51:54 [INF] Launching %!(EXTRA int=2, string=tasks for offer, string=06cf6340-3a46-4ec1-adab-de401a358a9c-O17201)
2016-11-14/14:51:54 [INF] Received Offer <%!(EXTRA string=06cf6340-3a46-4ec1-adab-de401a358a9c-O17202, string=> with cpus=, float64=2.85, string= mem=, float64=29559)
2016-11-14/14:51:54 [INF] Prepared task: go-task-4 with offer 06cf6340-3a46-4ec1-adab-de401a358a9c-O17202 for launch

2016-11-14/14:51:54 [INF] Launching %!(EXTRA int=1, string=tasks for offer, string=06cf6340-3a46-4ec1-adab-de401a358a9c-O17202)
2016-11-14/14:51:54 [INF] Received Offer <%!(EXTRA string=06cf6340-3a46-4ec1-adab-de401a358a9c-O17203, string=> with cpus=, float64=3.6, string= mem=, float64=30455)
2016-11-14/14:51:54 [INF] Prepared task: go-task-5 with offer 06cf6340-3a46-4ec1-adab-de401a358a9c-O17203 for launch

2016-11-14/14:51:54 [INF] Launching %!(EXTRA int=1, string=tasks for offer, string=06cf6340-3a46-4ec1-adab-de401a358a9c-O17203)
2016-11-14/14:51:56 [INF] Status update: task%!(EXTRA string=5, string= is in state , string=TASK_RUNNING)
2016-11-14/14:51:57 [INF] Status update: task%!(EXTRA string=2, string= is in state , string=TASK_RUNNING)
2016-11-14/14:51:58 [INF] Status update: task%!(EXTRA string=3, string= is in state , string=TASK_RUNNING)
2016-11-14/14:51:58 [INF] Status update: task%!(EXTRA string=4, string= is in state , string=TASK_RUNNING)
2016-11-14/14:51:59 [INF] [decline all of the offers since all of our tasks are already launched]
2016-11-14/14:52:01 [INF] Status update: task%!(EXTRA string=2, string= is in state , string=TASK_FAILED)
2016-11-14/14:52:02 [INF] Status update: task%!(EXTRA string=4, string= is in state , string=TASK_FAILED)
2016-11-14/14:52:02 [INF] [decline all of the offers since all of our tasks are already launched]
2016-11-14/14:52:10 [INF] Status update: task%!(EXTRA string=1, string= is in state , string=TASK_RUNNING)
2016-11-14/14:52:15 [INF] Status update: task%!(EXTRA string=1, string= is in state , string=TASK_RUNNING)
